MC6809 Assembler, Copyright (C) GMV 1989-1998
File: main.lst
                      1. *  
                      2. 
                      3. 
C000                  4.    ORG $C000 * Init
                      5. 
                      6. 
                      7. 
                      8. 
0200                  9.    ORG $0200  
0200 48 65 6C 6C 6F  10. Wt1 FCB 'H','e','l','l','o','!',$00   *Write first text in the RAM
          21 00
                     11. 
                     12. 
                     13. 
                     14. 

--	SYMBOL TABLE:
--	VALUE	SYMBOL 
	0200	Wt1